<?xml version="1.0" encoding="UTF-8"?>
<!-- Generated by org.testng.reporters.JUnitReportReporter -->
<testsuite skipped="0" hostname="VDC01LTC4533" name="in.valtech.test.HP_TC_02" tests="4" failures="0" timestamp="08 Sep 2020 10:40:29 GMT" time="27.965" errors="0">
  <testcase name="Step01_navigateToApplication_URL" time="6.641" classname="in.valtech.test.HP_TC_02"/>
  <testcase name="Step02_enterUserName" time="2.103" classname="in.valtech.test.HP_TC_02"/>
  <testcase name="Step03_enterPassword" time="5.112" classname="in.valtech.test.HP_TC_02"/>
  <testcase name="Step04_ClickOnLoginInBtn" time="14.109" classname="in.valtech.test.HP_TC_02"/>
</testsuite> <!-- in.valtech.test.HP_TC_02 -->
