<?xml version="1.0" encoding="UTF-8"?>
<!-- Generated by org.testng.reporters.JUnitReportReporter -->
<testsuite skipped="0" hostname="VDC01LTC4533" name="in.valtech.test.LP_TC_01" tests="1" failures="0" timestamp="24 Aug 2020 12:11:56 GMT" time="7.876" errors="0">
  <testcase name="Step01_navigateToApplication_URL" time="7.876" classname="in.valtech.test.LP_TC_01"/>
</testsuite> <!-- in.valtech.test.LP_TC_01 -->
